<?xml version="1.0" encoding="UTF-8"?>
<testng-results skipped="0" failed="1" ignored="0" total="2" passed="1">
  <reporter-output>
  </reporter-output>
  <suite name="Login suite" duration-ms="31608" started-at="2020-04-09T16:56:55Z" finished-at="2020-04-09T16:57:27Z">
    <groups>
    </groups>
    <test name="Login Suite" duration-ms="31608" started-at="2020-04-09T16:56:55Z" finished-at="2020-04-09T16:57:27Z">
      <class name="com.oboopay.test.VerifyLoginTest">
        <test-method status="PASS" signature="openURL()[pri:0, instance:com.oboopay.test.VerifyLoginTest@14bf9759]" name="openURL" is-config="true" duration-ms="6244" started-at="2020-04-09T16:56:55Z" finished-at="2020-04-09T16:57:01Z">
          <reporter-output>
          </reporter-output>
        </test-method> <!-- openURL -->
        <test-method status="PASS" signature="aloginTest(java.lang.String, java.lang.String)[pri:0, instance:com.oboopay.test.VerifyLoginTest@14bf9759]" name="aloginTest" duration-ms="16806" started-at="2020-04-09T16:57:02Z" description="Successfully Login to the portal" finished-at="2020-04-09T16:57:18Z">
          <params>
            <param index="0">
              <value>
                <![CDATA[akuser]]>
              </value>
            </param>
            <param index="1">
              <value>
                <![CDATA[pass1234]]>
              </value>
            </param>
          </params>
          <reporter-output>
          </reporter-output>
        </test-method> <!-- aloginTest -->
        <test-method status="FAIL" signature="bInvalidPassword(java.lang.String)[pri:0, instance:com.oboopay.test.VerifyLoginTest@14bf9759]" name="bInvalidPassword" duration-ms="8381" started-at="2020-04-09T16:57:18Z" description="Enter In valid username and valid password" finished-at="2020-04-09T16:57:27Z">
          <params>
            <param index="0">
              <value>
                <![CDATA[akuser]]>
              </value>
            </param>
          </params>
          <exception class="org.openqa.selenium.NoSuchElementException">
            <message>
              <![CDATA[no such element: Unable to locate element: {"method":"xpath","selector":"//div[@id='message']/ul/li"}
  (Session info: chrome=80.0.3987.132)
  (Driver info: chromedriver=2.41.578700 (2f1ed5f9343c13f73144538f15c00b370eda6706),platform=Linux 4.15.0-88-generic x86_64) (WARNING: The server did not provide any stacktrace information)
Command duration or timeout: 5.07 seconds
For documentation on this error, please visit: http://seleniumhq.org/exceptions/no_such_element.html
Build info: version: '2.53.0', revision: '35ae25b1534ae328c771e0856c93e187490ca824', time: '2016-03-15 10:43:46'
System info: host: 'LP-UB-ABIJITH', ip: '127.0.1.1', os.name: 'Linux', os.arch: 'amd64', os.version: '4.15.0-88-generic', java.version: '1.8.0_201'
Driver info: org.openqa.selenium.chrome.ChromeDriver
Capabilities [{mobileEmulationEnabled=false, hasTouchScreen=false, platform=LINUX, acceptSslCerts=false, goog:chromeOptions={debuggerAddress=localhost:43813}, acceptInsecureCerts=false, webStorageEnabled=true, browserName=chrome, takesScreenshot=true, javascriptEnabled=true, setWindowRect=true, unexpectedAlertBehaviour=, applicationCacheEnabled=false, rotatable=false, networkConnectionEnabled=false, chrome={chromedriverVersion=2.41.578700 (2f1ed5f9343c13f73144538f15c00b370eda6706), userDataDir=/tmp/.org.chromium.Chromium.XuJ2G8}, takesHeapSnapshot=true, pageLoadStrategy=normal, databaseEnabled=false, handlesAlerts=true, version=80.0.3987.132, browserConnectionEnabled=false, nativeEvents=true, locationContextEnabled=true, cssSelectorsEnabled=true}]
Session ID: d667b63d43e6654115d2ad0f6132c1eb
*** Element info: {Using=xpath, value=//div[@id='message']/ul/li}]]>
            </message>
            <full-stacktrace>
              <![CDATA[org.openqa.selenium.NoSuchElementException: no such element: Unable to locate element: {"method":"xpath","selector":"//div[@id='message']/ul/li"}
  (Session info: chrome=80.0.3987.132)
  (Driver info: chromedriver=2.41.578700 (2f1ed5f9343c13f73144538f15c00b370eda6706),platform=Linux 4.15.0-88-generic x86_64) (WARNING: The server did not provide any stacktrace information)
Command duration or timeout: 5.07 seconds
For documentation on this error, please visit: http://seleniumhq.org/exceptions/no_such_element.html
Build info: version: '2.53.0', revision: '35ae25b1534ae328c771e0856c93e187490ca824', time: '2016-03-15 10:43:46'
System info: host: 'LP-UB-ABIJITH', ip: '127.0.1.1', os.name: 'Linux', os.arch: 'amd64', os.version: '4.15.0-88-generic', java.version: '1.8.0_201'
Driver info: org.openqa.selenium.chrome.ChromeDriver
Capabilities [{mobileEmulationEnabled=false, hasTouchScreen=false, platform=LINUX, acceptSslCerts=false, goog:chromeOptions={debuggerAddress=localhost:43813}, acceptInsecureCerts=false, webStorageEnabled=true, browserName=chrome, takesScreenshot=true, javascriptEnabled=true, setWindowRect=true, unexpectedAlertBehaviour=, applicationCacheEnabled=false, rotatable=false, networkConnectionEnabled=false, chrome={chromedriverVersion=2.41.578700 (2f1ed5f9343c13f73144538f15c00b370eda6706), userDataDir=/tmp/.org.chromium.Chromium.XuJ2G8}, takesHeapSnapshot=true, pageLoadStrategy=normal, databaseEnabled=false, handlesAlerts=true, version=80.0.3987.132, browserConnectionEnabled=false, nativeEvents=true, locationContextEnabled=true, cssSelectorsEnabled=true}]
Session ID: d667b63d43e6654115d2ad0f6132c1eb
*** Element info: {Using=xpath, value=//div[@id='message']/ul/li}
at sun.reflect.NativeConstructorAccessorImpl.newInstance0(Native Method)
at sun.reflect.NativeConstructorAccessorImpl.newInstance(NativeConstructorAccessorImpl.java:62)
at sun.reflect.DelegatingConstructorAccessorImpl.newInstance(DelegatingConstructorAccessorImpl.java:45)
at java.lang.reflect.Constructor.newInstance(Constructor.java:423)
at org.openqa.selenium.remote.ErrorHandler.createThrowable(ErrorHandler.java:206)
at org.openqa.selenium.remote.ErrorHandler.throwIfResponseFailed(ErrorHandler.java:158)
at org.openqa.selenium.remote.RemoteWebDriver.execute(RemoteWebDriver.java:678)
at org.openqa.selenium.remote.RemoteWebDriver.findElement(RemoteWebDriver.java:363)
at org.openqa.selenium.remote.RemoteWebDriver.findElementByXPath(RemoteWebDriver.java:500)
at org.openqa.selenium.By$ByXPath.findElement(By.java:361)
at org.openqa.selenium.remote.RemoteWebDriver.findElement(RemoteWebDriver.java:355)
at com.obopay.customFunctions.GenricMethods.getText(GenricMethods.java:491)
at com.obopay.pages.LoginPage.invalidLoginError(LoginPage.java:45)
at com.oboopay.test.VerifyLoginTest.bInvalidPassword(VerifyLoginTest.java:60)
at sun.reflect.NativeMethodAccessorImpl.invoke0(Native Method)
at sun.reflect.NativeMethodAccessorImpl.invoke(NativeMethodAccessorImpl.java:62)
at sun.reflect.DelegatingMethodAccessorImpl.invoke(DelegatingMethodAccessorImpl.java:43)
at java.lang.reflect.Method.invoke(Method.java:498)
at org.testng.internal.MethodInvocationHelper.invokeMethod(MethodInvocationHelper.java:124)
at org.testng.internal.Invoker.invokeMethod(Invoker.java:583)
at org.testng.internal.Invoker.invokeTestMethod(Invoker.java:719)
at org.testng.internal.Invoker.invokeTestMethods(Invoker.java:989)
at org.testng.internal.TestMethodWorker.invokeTestMethods(TestMethodWorker.java:125)
at org.testng.internal.TestMethodWorker.run(TestMethodWorker.java:109)
at org.testng.TestRunner.privateRun(TestRunner.java:648)
at org.testng.TestRunner.run(TestRunner.java:505)
at org.testng.SuiteRunner.runTest(SuiteRunner.java:455)
at org.testng.SuiteRunner.runSequentially(SuiteRunner.java:450)
at org.testng.SuiteRunner.privateRun(SuiteRunner.java:415)
at org.testng.SuiteRunner.run(SuiteRunner.java:364)
at org.testng.SuiteRunnerWorker.runSuite(SuiteRunnerWorker.java:52)
at org.testng.SuiteRunnerWorker.run(SuiteRunnerWorker.java:84)
at org.testng.TestNG.runSuitesSequentially(TestNG.java:1208)
at org.testng.TestNG.runSuitesLocally(TestNG.java:1137)
at org.testng.TestNG.runSuites(TestNG.java:1049)
at org.testng.TestNG.run(TestNG.java:1017)
at org.testng.remote.AbstractRemoteTestNG.run(AbstractRemoteTestNG.java:115)
at org.testng.remote.RemoteTestNG.initAndRun(RemoteTestNG.java:251)
at org.testng.remote.RemoteTestNG.main(RemoteTestNG.java:77)
]]>
            </full-stacktrace>
          </exception> <!-- org.openqa.selenium.NoSuchElementException -->
          <reporter-output>
          </reporter-output>
        </test-method> <!-- bInvalidPassword -->
        <test-method status="PASS" signature="closeBrowser()[pri:0, instance:com.oboopay.test.VerifyLoginTest@14bf9759]" name="closeBrowser" is-config="true" duration-ms="116" started-at="2020-04-09T16:57:27Z" finished-at="2020-04-09T16:57:27Z">
          <reporter-output>
          </reporter-output>
        </test-method> <!-- closeBrowser -->
      </class> <!-- com.oboopay.test.VerifyLoginTest -->
    </test> <!-- Login Suite -->
  </suite> <!-- Login suite -->
</testng-results>
